<?xml version="1.0" encoding="utf-8"?>
<TestRun id="6c6027a8-1453-475e-b056-029819ea2e0b" name="hp@DESKTOP-GSTET0K 2019-12-16 17:32:32" runUser="DESKTOP-GSTET0K\hp" xmlns="http://microsoft.com/schemas/VisualStudio/TeamTest/2010">
  <Times creation="2019-12-16T17:32:32.2286299+06:00" queuing="2019-12-16T17:32:32.2286299+06:00" start="2019-12-16T17:32:30.6256616+06:00" finish="2019-12-16T17:32:32.2491326+06:00" />
  <TestSettings name="default" id="8faed3f0-6803-42ea-bff2-d4bba1c86f85">
    <Deployment runDeploymentRoot="hp_DESKTOP-GSTET0K_2019-12-16_17_32_32" />
  </TestSettings>
  <Results>
    <UnitTestResult executionId="1ae5f6b1-ed47-4ec7-b73f-e33ffe6c69b7" testId="bba7e18c-b4da-becc-657b-91f34bbcb3f5" testName="Test1" computerName="DESKTOP-GSTET0K" duration="00:00:00.0390000" startTime="2019-12-16T17:32:31.0000000+06:00" endTime="2019-12-16T17:32:31.0000000+06:00" testType="13cdc9d9-ddb5-4fa4-a97d-d965ccfc6d4b" outcome="Passed" testListId="8c84fa94-04c1-424b-9868-57a2d4851a1d" relativeResultsDirectory="1ae5f6b1-ed47-4ec7-b73f-e33ffe6c69b7" />
    <UnitTestResult executionId="481350dc-df0c-4623-a63e-f0f91e46bdb8" testId="77afa09c-cbd1-92c7-68a2-51e7b23be20a" testName="Test2" computerName="DESKTOP-GSTET0K" duration="00:00:00.0010000" startTime="2019-12-16T17:32:31.0000000+06:00" endTime="2019-12-16T17:32:31.0000000+06:00" testType="13cdc9d9-ddb5-4fa4-a97d-d965ccfc6d4b" outcome="Passed" testListId="8c84fa94-04c1-424b-9868-57a2d4851a1d" relativeResultsDirectory="481350dc-df0c-4623-a63e-f0f91e46bdb8" />
  </Results>
  <TestDefinitions>
    <UnitTest name="Test2" storage="e:\work stations\online repos\github\cakewithcore\test.unit.all\bin\release\netcoreapp2.1\test.unit.all.dll" id="77afa09c-cbd1-92c7-68a2-51e7b23be20a">
      <Execution id="481350dc-df0c-4623-a63e-f0f91e46bdb8" />
      <TestMethod codeBase="E:\Work Stations\Online Repos\gitHub\CakeWithCore\Test.Unit.All\bin\Release\netcoreapp2.1\Test.Unit.All.dll" adapterTypeName="executor://nunit3testexecutor/" className="Tests.Tests" name="Test2" />
    </UnitTest>
    <UnitTest name="Test1" storage="e:\work stations\online repos\github\cakewithcore\test.unit.all\bin\release\netcoreapp2.1\test.unit.all.dll" id="bba7e18c-b4da-becc-657b-91f34bbcb3f5">
      <Execution id="1ae5f6b1-ed47-4ec7-b73f-e33ffe6c69b7" />
      <TestMethod codeBase="E:\Work Stations\Online Repos\gitHub\CakeWithCore\Test.Unit.All\bin\Release\netcoreapp2.1\Test.Unit.All.dll" adapterTypeName="executor://nunit3testexecutor/" className="Tests.Tests" name="Test1" />
    </UnitTest>
  </TestDefinitions>
  <TestEntries>
    <TestEntry testId="bba7e18c-b4da-becc-657b-91f34bbcb3f5" executionId="1ae5f6b1-ed47-4ec7-b73f-e33ffe6c69b7" testListId="8c84fa94-04c1-424b-9868-57a2d4851a1d" />
    <TestEntry testId="77afa09c-cbd1-92c7-68a2-51e7b23be20a" executionId="481350dc-df0c-4623-a63e-f0f91e46bdb8" testListId="8c84fa94-04c1-424b-9868-57a2d4851a1d" />
  </TestEntries>
  <TestLists>
    <TestList name="Results Not in a List" id="8c84fa94-04c1-424b-9868-57a2d4851a1d" />
    <TestList name="All Loaded Results" id="19431567-8539-422a-85d7-44ee4e166bda" />
  </TestLists>
  <ResultSummary outcome="Completed">
    <Counters total="2" executed="2" passed="2" failed="0" error="0" timeout="0" aborted="0" inconclusive="0" passedButRunAborted="0" notRunnable="0" notExecuted="0" disconnected="0" warning="0" completed="0" inProgress="0" pending="0" />
    <Output>
      <StdOut>NUnit Adapter 3.11.0.0: Test execution started&#xD;
Running all tests in E:\Work Stations\Online Repos\gitHub\CakeWithCore\Test.Unit.All\bin\Release\netcoreapp2.1\Test.Unit.All.dll&#xD;
   NUnit3TestExecutor converted 2 of 2 NUnit test cases&#xD;
NUnit Adapter 3.11.0.0: Test execution complete&#xD;
</StdOut>
    </Output>
  </ResultSummary>
</TestRun>