<?xml version="1.0" encoding="utf-8"?>
<TestRun id="66324e2b-7589-4802-a6f8-77076ac0269d" name="hp@DESKTOP-GSTET0K 2019-12-16 17:32:35" runUser="DESKTOP-GSTET0K\hp" xmlns="http://microsoft.com/schemas/VisualStudio/TeamTest/2010">
  <Times creation="2019-12-16T17:32:35.6095977+06:00" queuing="2019-12-16T17:32:35.6095981+06:00" start="2019-12-16T17:32:34.0524784+06:00" finish="2019-12-16T17:32:35.6382588+06:00" />
  <TestSettings name="default" id="4dd10ba8-3ec4-46d2-b8ec-77528e923640">
    <Deployment runDeploymentRoot="hp_DESKTOP-GSTET0K_2019-12-16_17_32_35" />
  </TestSettings>
  <Results>
    <UnitTestResult executionId="62adb881-bc4a-4d9d-a081-a075899d1271" testId="bd5d9074-6efc-2e84-86ab-3d744ee5dc45" testName="Test1" computerName="DESKTOP-GSTET0K" duration="00:00:00.0360000" startTime="2019-12-16T17:32:35.0000000+06:00" endTime="2019-12-16T17:32:35.0000000+06:00" testType="13cdc9d9-ddb5-4fa4-a97d-d965ccfc6d4b" outcome="Passed" testListId="8c84fa94-04c1-424b-9868-57a2d4851a1d" relativeResultsDirectory="62adb881-bc4a-4d9d-a081-a075899d1271" />
  </Results>
  <TestDefinitions>
    <UnitTest name="Test1" storage="e:\work stations\online repos\github\cakewithcore\test.unit.utility\bin\release\netcoreapp2.1\test.unit.utility.dll" id="bd5d9074-6efc-2e84-86ab-3d744ee5dc45">
      <Execution id="62adb881-bc4a-4d9d-a081-a075899d1271" />
      <TestMethod codeBase="E:\Work Stations\Online Repos\gitHub\CakeWithCore\Test.Unit.Utility\bin\Release\netcoreapp2.1\Test.Unit.Utility.dll" adapterTypeName="executor://nunit3testexecutor/" className="Tests.Tests" name="Test1" />
    </UnitTest>
  </TestDefinitions>
  <TestEntries>
    <TestEntry testId="bd5d9074-6efc-2e84-86ab-3d744ee5dc45" executionId="62adb881-bc4a-4d9d-a081-a075899d1271" testListId="8c84fa94-04c1-424b-9868-57a2d4851a1d" />
  </TestEntries>
  <TestLists>
    <TestList name="Results Not in a List" id="8c84fa94-04c1-424b-9868-57a2d4851a1d" />
    <TestList name="All Loaded Results" id="19431567-8539-422a-85d7-44ee4e166bda" />
  </TestLists>
  <ResultSummary outcome="Completed">
    <Counters total="1" executed="1" passed="1" failed="0" error="0" timeout="0" aborted="0" inconclusive="0" passedButRunAborted="0" notRunnable="0" notExecuted="0" disconnected="0" warning="0" completed="0" inProgress="0" pending="0" />
    <Output>
      <StdOut>NUnit Adapter 3.11.0.0: Test execution started&#xD;
Running all tests in E:\Work Stations\Online Repos\gitHub\CakeWithCore\Test.Unit.Utility\bin\Release\netcoreapp2.1\Test.Unit.Utility.dll&#xD;
   NUnit3TestExecutor converted 1 of 1 NUnit test cases&#xD;
NUnit Adapter 3.11.0.0: Test execution complete&#xD;
</StdOut>
    </Output>
  </ResultSummary>
</TestRun>